<?xml version="1.0" encoding="UTF-8"?>
<!-- Generated by org.testng.reporters.JUnitReportReporter -->
<testsuite hostname="LTIN488147" failures="0" tests="2" name="testCases.TC_002_newsAroundCTS" time="42.744" errors="0" timestamp="2024-03-29T17:41:57 IST" skipped="0">
  <testcase classname="testCases.TC_002_newsAroundCTS" name="checkNewsToolTip" time="21.379"/>
  <testcase classname="testCases.TC_002_newsAroundCTS" name="checkNewsToolTip" time="21.365"/>
</testsuite> <!-- testCases.TC_002_newsAroundCTS -->
