<?xml version="1.0" encoding="UTF-8"?>
<!-- Generated by org.testng.reporters.JUnitReportReporter -->
<testsuite hostname="LTIN488147" failures="0" tests="2" name="testCases.TC_004_topFiveNews" time="56.574" errors="0" timestamp="2024-03-29T17:41:57 IST" skipped="0">
  <testcase classname="testCases.TC_004_topFiveNews" name="lastTest" time="5.057"/>
  <testcase classname="testCases.TC_004_topFiveNews" name="lastTest" time="51.517"/>
</testsuite> <!-- testCases.TC_004_topFiveNews -->
