<?xml version="1.0" encoding="UTF-8"?>
<!-- Generated by org.testng.reporters.JUnitReportReporter -->
<testsuite hostname="LTIN488147" failures="0" tests="8" name="testCases.TC_001_userInfo" time="383.033" errors="0" timestamp="2024-03-30T16:39:09 IST" skipped="0">
  <testcase classname="testCases.TC_001_userInfo" name="testUser" time="27.593"/>
  <testcase classname="testCases.TC_001_userInfo" name="testUser" time="27.670"/>
  <testcase classname="testCases.TC_001_userInfo" name="checkNewsToolTip" time="16.186"/>
  <testcase classname="testCases.TC_001_userInfo" name="checkNewsToolTip" time="16.094"/>
  <testcase classname="testCases.TC_001_userInfo" name="checkAllNews" time="11.486"/>
  <testcase classname="testCases.TC_001_userInfo" name="checkAllNews" time="11.425"/>
  <testcase classname="testCases.TC_001_userInfo" name="lastTest" time="137.125"/>
  <testcase classname="testCases.TC_001_userInfo" name="lastTest" time="135.454"/>
</testsuite> <!-- testCases.TC_001_userInfo -->
